Performing C SOURCE FILE Test CMAKE_HAVE_LIBC_PTHREAD failed with the following output:
Change Dir: /home/student/Documents/DACSC/CMakeFiles/CMakeTmp

Run Build Command(s):/usr/bin/gmake cmTC_fb410/fast && /usr/bin/gmake  -f CMakeFiles/cmTC_fb410.dir/build.make CMakeFiles/cmTC_fb410.dir/build
gmake[1] : on entre dans le répertoire « /home/student/Documents/DACSC/CMakeFiles/CMakeTmp »
Building C object CMakeFiles/cmTC_fb410.dir/src.c.o
/usr/bin/cc   -DCMAKE_HAVE_LIBC_PTHREAD -o CMakeFiles/cmTC_fb410.dir/src.c.o -c /home/student/Documents/DACSC/CMakeFiles/CMakeTmp/src.c
Linking C executable cmTC_fb410
/usr/bin/cmake -E cmake_link_script CMakeFiles/cmTC_fb410.dir/link.txt --verbose=1
/usr/bin/cc  -DCMAKE_HAVE_LIBC_PTHREAD CMakeFiles/cmTC_fb410.dir/src.c.o -o cmTC_fb410 
CMakeFiles/cmTC_fb410.dir/src.c.o : Dans la fonction « main » :
src.c:(.text+0x2d) : référence indéfinie vers « pthread_create »
src.c:(.text+0x39) : référence indéfinie vers « pthread_detach »
src.c:(.text+0x45) : référence indéfinie vers « pthread_cancel »
src.c:(.text+0x56) : référence indéfinie vers « pthread_join »
collect2: error: ld a retourné le statut de sortie 1
gmake[1]: *** [CMakeFiles/cmTC_fb410.dir/build.make:106: cmTC_fb410] Error 1
gmake[1] : on quitte le répertoire « /home/student/Documents/DACSC/CMakeFiles/CMakeTmp »
gmake: *** [Makefile:140: cmTC_fb410/fast] Error 2


Source file was:
#include <pthread.h>

void* test_func(void* data)
{
  return data;
}

int main(void)
{
  pthread_t thread;
  pthread_create(&thread, NULL, test_func, NULL);
  pthread_detach(thread);
  pthread_cancel(thread);
  pthread_join(thread, NULL);
  pthread_atfork(NULL, NULL, NULL);
  pthread_exit(NULL);

  return 0;
}

Determining if the function pthread_create exists in the pthreads failed with the following output:
Change Dir: /home/student/Documents/DACSC/CMakeFiles/CMakeTmp

Run Build Command(s):/usr/bin/gmake cmTC_e0113/fast && /usr/bin/gmake  -f CMakeFiles/cmTC_e0113.dir/build.make CMakeFiles/cmTC_e0113.dir/build
gmake[1] : on entre dans le répertoire « /home/student/Documents/DACSC/CMakeFiles/CMakeTmp »
Building C object CMakeFiles/cmTC_e0113.dir/CheckFunctionExists.c.o
/usr/bin/cc   -DCHECK_FUNCTION_EXISTS=pthread_create -o CMakeFiles/cmTC_e0113.dir/CheckFunctionExists.c.o -c /usr/share/cmake/Modules/CheckFunctionExists.c
Linking C executable cmTC_e0113
/usr/bin/cmake -E cmake_link_script CMakeFiles/cmTC_e0113.dir/link.txt --verbose=1
/usr/bin/cc  -DCHECK_FUNCTION_EXISTS=pthread_create CMakeFiles/cmTC_e0113.dir/CheckFunctionExists.c.o -o cmTC_e0113  -lpthreads 
/usr/bin/ld : ne peut trouver -lpthreads
collect2: error: ld a retourné le statut de sortie 1
gmake[1]: *** [CMakeFiles/cmTC_e0113.dir/build.make:106: cmTC_e0113] Error 1
gmake[1] : on quitte le répertoire « /home/student/Documents/DACSC/CMakeFiles/CMakeTmp »
gmake: *** [Makefile:140: cmTC_e0113/fast] Error 2



